2017-04-17 12:27:06,631 [Worker-12] INFO  o.e.m.c.i.p.ProjectConfigurationManager - Collecting project info '/pom.xml' C:\Users\Peter\Documents\SpringMVC\KingsAndCreatures\pom.xml
2017-04-17 12:27:15,838 [Worker-12] INFO  o.e.m.c.i.l.LifecycleMappingFactory - Using org.maven.ide.eclipse.wtp.WarLifecycleMapping lifecycle mapping for MavenProject: com.kC.springExample:KingsAndCreatures:0.0.1-SNAPSHOT @ C:\Users\Peter\Documents\SpringMVC\KingsAndCreatures\pom.xml.
2017-04-17 12:27:20,408 [Worker-12] INFO  o.e.m.j.i.AbstractJavaProjectConfigurator - Adding source folder /KingsAndCreatures/src/main/java
2017-04-17 12:27:20,410 [Worker-12] INFO  o.e.m.j.i.AbstractJavaProjectConfigurator - Adding resource folder /KingsAndCreatures/src/main/resources
2017-04-17 12:27:20,411 [Worker-12] INFO  o.e.m.j.i.AbstractJavaProjectConfigurator - Adding source folder /KingsAndCreatures/src/test/java
2017-04-17 12:27:30,481 [Worker-12] INFO  o.e.m.c.i.p.ProjectConfigurationManager - Imported and configured 1 project(s) in 23 sec
2017-04-17 12:27:31,553 [Worker-20] WARN  o.e.m.c.i.embedder.EclipseLogger - Using platform encoding (Cp1252 actually) to copy filtered resources, i.e. build is platform dependent!
2017-04-17 12:27:31,651 [Worker-20] INFO  o.e.m.c.i.embedder.EclipseLogger - Copying 0 resource
2017-04-17 12:27:31,656 [Worker-20] WARN  o.e.m.c.i.embedder.EclipseLogger - Using platform encoding (Cp1252 actually) to copy filtered resources, i.e. build is platform dependent!
2017-04-17 12:27:31,666 [Worker-20] INFO  o.e.m.c.i.embedder.EclipseLogger - skip non existing resourceDirectory C:\Users\Peter\Documents\SpringMVC\KingsAndCreatures\src\test\resources
2017-04-17 12:27:43,817 [Worker-22] WARN  o.e.m.c.i.embedder.EclipseLogger - Using platform encoding (Cp1252 actually) to copy filtered resources, i.e. build is platform dependent!
2017-04-17 12:27:43,854 [Worker-22] INFO  o.e.m.c.i.embedder.EclipseLogger - Copying 0 resource
2017-04-17 12:27:43,857 [Worker-22] WARN  o.e.m.c.i.embedder.EclipseLogger - Using platform encoding (Cp1252 actually) to copy filtered resources, i.e. build is platform dependent!
2017-04-17 12:27:43,869 [Worker-22] INFO  o.e.m.c.i.embedder.EclipseLogger - skip non existing resourceDirectory C:\Users\Peter\Documents\SpringMVC\KingsAndCreatures\src\test\resources
2017-04-17 12:47:20,059 [Worker-27] WARN  o.e.m.c.i.embedder.EclipseLogger - Using platform encoding (Cp1252 actually) to copy filtered resources, i.e. build is platform dependent!
2017-04-17 12:47:20,066 [Worker-27] INFO  o.e.m.c.i.embedder.EclipseLogger - Copying 0 resource
2017-04-17 12:47:20,075 [Worker-27] WARN  o.e.m.c.i.embedder.EclipseLogger - Using platform encoding (Cp1252 actually) to copy filtered resources, i.e. build is platform dependent!
2017-04-17 12:47:20,083 [Worker-27] INFO  o.e.m.c.i.embedder.EclipseLogger - skip non existing resourceDirectory C:\Users\Peter\Documents\SpringMVC\KingsAndCreatures\src\test\resources
2017-04-17 12:48:27,764 [Worker-27] WARN  o.e.m.c.i.embedder.EclipseLogger - Using platform encoding (Cp1252 actually) to copy filtered resources, i.e. build is platform dependent!
2017-04-17 12:48:27,795 [Worker-27] INFO  o.e.m.c.i.embedder.EclipseLogger - Copying 0 resource
2017-04-17 12:48:27,815 [Worker-27] WARN  o.e.m.c.i.embedder.EclipseLogger - Using platform encoding (Cp1252 actually) to copy filtered resources, i.e. build is platform dependent!
2017-04-17 12:48:27,845 [Worker-27] INFO  o.e.m.c.i.embedder.EclipseLogger - skip non existing resourceDirectory C:\Users\Peter\Documents\SpringMVC\KingsAndCreatures\src\test\resources
2017-04-17 12:54:29,761 [Worker-36] INFO  o.e.m.c.i.l.LifecycleMappingFactory - Using org.maven.ide.eclipse.wtp.WarLifecycleMapping lifecycle mapping for MavenProject: com.kC.springExample:KingsAndCreatures:0.0.1-SNAPSHOT @ C:\Users\Peter\Documents\SpringMVC\KingsAndCreatures\pom.xml.
2017-04-17 12:54:31,435 [Worker-36] WARN  o.e.m.c.i.embedder.EclipseLogger - Using platform encoding (Cp1252 actually) to copy filtered resources, i.e. build is platform dependent!
2017-04-17 12:54:31,453 [Worker-36] INFO  o.e.m.c.i.embedder.EclipseLogger - Copying 0 resource
2017-04-17 12:54:31,464 [Worker-36] WARN  o.e.m.c.i.embedder.EclipseLogger - Using platform encoding (Cp1252 actually) to copy filtered resources, i.e. build is platform dependent!
2017-04-17 12:54:31,485 [Worker-36] INFO  o.e.m.c.i.embedder.EclipseLogger - skip non existing resourceDirectory C:\Users\Peter\Documents\SpringMVC\KingsAndCreatures\src\test\resources
2017-04-17 12:54:31,486 [Worker-36] INFO  o.e.m.w.i.f.ResourceFilteringBuildParticipant - Changed resources require a complete clean of filtered resources of KingsAndCreatures
2017-04-17 12:54:31,496 [Worker-36] INFO  o.e.m.w.i.f.ResourceFilteringBuildParticipant - Executing resource filtering for KingsAndCreatures
2017-04-17 12:54:31,505 [Worker-36] WARN  o.e.m.c.i.embedder.EclipseLogger - Using platform encoding (Cp1252 actually) to copy filtered resources, i.e. build is platform dependent!
2017-04-17 12:54:32,725 [Worker-36] WARN  o.e.m.c.i.embedder.EclipseLogger - Using platform encoding (Cp1252 actually) to copy filtered resources, i.e. build is platform dependent!
2017-04-17 12:54:32,774 [Worker-36] INFO  o.e.m.c.i.embedder.EclipseLogger - Copying 0 resource
2017-04-17 12:54:32,784 [Worker-36] WARN  o.e.m.c.i.embedder.EclipseLogger - Using platform encoding (Cp1252 actually) to copy filtered resources, i.e. build is platform dependent!
2017-04-17 12:54:32,795 [Worker-36] INFO  o.e.m.c.i.embedder.EclipseLogger - skip non existing resourceDirectory C:\Users\Peter\Documents\SpringMVC\KingsAndCreatures\src\test\resources
2017-04-17 12:56:21,427 [Worker-37] WARN  o.e.m.c.i.embedder.EclipseLogger - Using platform encoding (Cp1252 actually) to copy filtered resources, i.e. build is platform dependent!
2017-04-17 12:56:21,443 [Worker-37] INFO  o.e.m.c.i.embedder.EclipseLogger - Copying 0 resource
2017-04-17 12:56:21,460 [Worker-37] WARN  o.e.m.c.i.embedder.EclipseLogger - Using platform encoding (Cp1252 actually) to copy filtered resources, i.e. build is platform dependent!
2017-04-17 12:56:21,530 [Worker-37] INFO  o.e.m.c.i.embedder.EclipseLogger - skip non existing resourceDirectory C:\Users\Peter\Documents\SpringMVC\KingsAndCreatures\src\test\resources
2017-04-17 12:56:22,617 [Worker-36] WARN  o.e.m.c.i.embedder.EclipseLogger - Using platform encoding (Cp1252 actually) to copy filtered resources, i.e. build is platform dependent!
2017-04-17 12:56:22,698 [Worker-36] INFO  o.e.m.c.i.embedder.EclipseLogger - Copying 0 resource
2017-04-17 12:56:22,718 [Worker-36] WARN  o.e.m.c.i.embedder.EclipseLogger - Using platform encoding (Cp1252 actually) to copy filtered resources, i.e. build is platform dependent!
2017-04-17 12:56:22,746 [Worker-36] INFO  o.e.m.c.i.embedder.EclipseLogger - skip non existing resourceDirectory C:\Users\Peter\Documents\SpringMVC\KingsAndCreatures\src\test\resources
2017-04-17 12:57:01,068 [Worker-38] WARN  o.e.m.c.i.embedder.EclipseLogger - Using platform encoding (Cp1252 actually) to copy filtered resources, i.e. build is platform dependent!
2017-04-17 12:57:01,077 [Worker-38] INFO  o.e.m.c.i.embedder.EclipseLogger - Copying 0 resource
2017-04-17 12:57:01,085 [Worker-38] WARN  o.e.m.c.i.embedder.EclipseLogger - Using platform encoding (Cp1252 actually) to copy filtered resources, i.e. build is platform dependent!
2017-04-17 12:57:01,096 [Worker-38] INFO  o.e.m.c.i.embedder.EclipseLogger - skip non existing resourceDirectory C:\Users\Peter\Documents\SpringMVC\KingsAndCreatures\src\test\resources
2017-04-17 12:57:24,310 [Worker-27] WARN  o.e.m.c.i.embedder.EclipseLogger - Using platform encoding (Cp1252 actually) to copy filtered resources, i.e. build is platform dependent!
2017-04-17 12:57:24,335 [Worker-27] INFO  o.e.m.c.i.embedder.EclipseLogger - Copying 0 resource
2017-04-17 12:57:24,371 [Worker-27] WARN  o.e.m.c.i.embedder.EclipseLogger - Using platform encoding (Cp1252 actually) to copy filtered resources, i.e. build is platform dependent!
2017-04-17 12:57:24,427 [Worker-27] INFO  o.e.m.c.i.embedder.EclipseLogger - skip non existing resourceDirectory C:\Users\Peter\Documents\SpringMVC\KingsAndCreatures\src\test\resources
2017-04-17 12:57:41,603 [Worker-38] WARN  o.e.m.c.i.embedder.EclipseLogger - Using platform encoding (Cp1252 actually) to copy filtered resources, i.e. build is platform dependent!
2017-04-17 12:57:41,612 [Worker-38] INFO  o.e.m.c.i.embedder.EclipseLogger - Copying 0 resource
2017-04-17 12:57:41,640 [Worker-38] WARN  o.e.m.c.i.embedder.EclipseLogger - Using platform encoding (Cp1252 actually) to copy filtered resources, i.e. build is platform dependent!
2017-04-17 12:57:41,670 [Worker-38] INFO  o.e.m.c.i.embedder.EclipseLogger - skip non existing resourceDirectory C:\Users\Peter\Documents\SpringMVC\KingsAndCreatures\src\test\resources
2017-04-17 13:04:32,991 [Worker-38] WARN  o.e.m.c.i.embedder.EclipseLogger - Using platform encoding (Cp1252 actually) to copy filtered resources, i.e. build is platform dependent!
2017-04-17 13:04:33,006 [Worker-38] INFO  o.e.m.c.i.embedder.EclipseLogger - Copying 0 resource
2017-04-17 13:04:33,006 [Worker-38] WARN  o.e.m.c.i.embedder.EclipseLogger - Using platform encoding (Cp1252 actually) to copy filtered resources, i.e. build is platform dependent!
2017-04-17 13:04:33,022 [Worker-38] INFO  o.e.m.c.i.embedder.EclipseLogger - skip non existing resourceDirectory C:\Users\Peter\Documents\SpringMVC\KingsAndCreatures\src\test\resources
2017-04-17 13:05:03,616 [Worker-38] WARN  o.e.m.c.i.embedder.EclipseLogger - Using platform encoding (Cp1252 actually) to copy filtered resources, i.e. build is platform dependent!
2017-04-17 13:05:03,616 [Worker-38] INFO  o.e.m.c.i.embedder.EclipseLogger - Copying 0 resource
2017-04-17 13:05:03,632 [Worker-38] WARN  o.e.m.c.i.embedder.EclipseLogger - Using platform encoding (Cp1252 actually) to copy filtered resources, i.e. build is platform dependent!
2017-04-17 13:05:03,647 [Worker-38] INFO  o.e.m.c.i.embedder.EclipseLogger - skip non existing resourceDirectory C:\Users\Peter\Documents\SpringMVC\KingsAndCreatures\src\test\resources
2017-04-17 13:05:15,661 [Worker-40] WARN  o.e.m.c.i.embedder.EclipseLogger - Using platform encoding (Cp1252 actually) to copy filtered resources, i.e. build is platform dependent!
2017-04-17 13:05:15,674 [Worker-40] INFO  o.e.m.c.i.embedder.EclipseLogger - Copying 0 resource
2017-04-17 13:05:15,683 [Worker-40] WARN  o.e.m.c.i.embedder.EclipseLogger - Using platform encoding (Cp1252 actually) to copy filtered resources, i.e. build is platform dependent!
2017-04-17 13:05:15,703 [Worker-40] INFO  o.e.m.c.i.embedder.EclipseLogger - skip non existing resourceDirectory C:\Users\Peter\Documents\SpringMVC\KingsAndCreatures\src\test\resources
2017-04-17 13:05:53,174 [Worker-42] WARN  o.e.m.c.i.embedder.EclipseLogger - Using platform encoding (Cp1252 actually) to copy filtered resources, i.e. build is platform dependent!
2017-04-17 13:05:53,189 [Worker-42] INFO  o.e.m.c.i.embedder.EclipseLogger - Copying 0 resource
2017-04-17 13:05:53,189 [Worker-42] WARN  o.e.m.c.i.embedder.EclipseLogger - Using platform encoding (Cp1252 actually) to copy filtered resources, i.e. build is platform dependent!
2017-04-17 13:05:53,209 [Worker-42] INFO  o.e.m.c.i.embedder.EclipseLogger - skip non existing resourceDirectory C:\Users\Peter\Documents\SpringMVC\KingsAndCreatures\src\test\resources
2017-04-17 13:06:42,375 [Worker-20] WARN  o.e.m.c.i.embedder.EclipseLogger - Using platform encoding (Cp1252 actually) to copy filtered resources, i.e. build is platform dependent!
2017-04-17 13:06:42,391 [Worker-20] INFO  o.e.m.c.i.embedder.EclipseLogger - Copying 0 resource
2017-04-17 13:06:42,401 [Worker-20] WARN  o.e.m.c.i.embedder.EclipseLogger - Using platform encoding (Cp1252 actually) to copy filtered resources, i.e. build is platform dependent!
2017-04-17 13:06:42,405 [Worker-20] INFO  o.e.m.c.i.embedder.EclipseLogger - skip non existing resourceDirectory C:\Users\Peter\Documents\SpringMVC\KingsAndCreatures\src\test\resources
2017-04-17 13:07:51,309 [Worker-38] WARN  o.e.m.c.i.embedder.EclipseLogger - Using platform encoding (Cp1252 actually) to copy filtered resources, i.e. build is platform dependent!
2017-04-17 13:07:51,309 [Worker-38] INFO  o.e.m.c.i.embedder.EclipseLogger - Copying 0 resource
2017-04-17 13:07:51,325 [Worker-38] WARN  o.e.m.c.i.embedder.EclipseLogger - Using platform encoding (Cp1252 actually) to copy filtered resources, i.e. build is platform dependent!
2017-04-17 13:07:51,341 [Worker-38] INFO  o.e.m.c.i.embedder.EclipseLogger - skip non existing resourceDirectory C:\Users\Peter\Documents\SpringMVC\KingsAndCreatures\src\test\resources
2017-04-17 13:08:05,559 [main] INFO  o.e.m2e.actions.ExecutePomAction - Creating new launch configuration
2017-04-17 13:08:25,010 [Worker-44] INFO  o.e.m.i.launch.MavenLaunchDelegate - C:\Users\Peter\Documents\SpringMVC\KingsAndCreatures
2017-04-17 13:08:25,031 [Worker-44] INFO  o.e.m.i.launch.MavenLaunchDelegate -  mvn -B tomcat7:run
2017-04-21 18:41:17,303 [Worker-2] WARN  o.e.m.c.i.embedder.EclipseLogger - Using platform encoding (Cp1252 actually) to copy filtered resources, i.e. build is platform dependent!
2017-04-21 18:41:17,319 [Worker-2] INFO  o.e.m.c.i.embedder.EclipseLogger - Copying 0 resource
2017-04-21 18:41:17,323 [Worker-2] WARN  o.e.m.c.i.embedder.EclipseLogger - Using platform encoding (Cp1252 actually) to copy filtered resources, i.e. build is platform dependent!
2017-04-21 18:41:17,325 [Worker-2] INFO  o.e.m.c.i.embedder.EclipseLogger - skip non existing resourceDirectory C:\Users\Peter\Documents\SpringMVC\KingsAndCreatures\src\test\resources
2017-04-21 18:41:23,400 [Worker-5] WARN  o.e.m.c.i.embedder.EclipseLogger - Using platform encoding (Cp1252 actually) to copy filtered resources, i.e. build is platform dependent!
2017-04-21 18:41:23,408 [Worker-5] INFO  o.e.m.c.i.embedder.EclipseLogger - Copying 0 resource
2017-04-21 18:41:23,410 [Worker-5] WARN  o.e.m.c.i.embedder.EclipseLogger - Using platform encoding (Cp1252 actually) to copy filtered resources, i.e. build is platform dependent!
2017-04-21 18:41:23,412 [Worker-5] INFO  o.e.m.c.i.embedder.EclipseLogger - skip non existing resourceDirectory C:\Users\Peter\Documents\SpringMVC\KingsAndCreatures\src\test\resources
2017-04-21 18:42:12,138 [main] INFO  o.e.m2e.actions.ExecutePomAction - Using existing launch configuration
2017-04-21 18:42:12,438 [Worker-10] INFO  o.e.m.i.launch.MavenLaunchDelegate - C:\Users\Peter\Documents\SpringMVC\KingsAndCreatures
2017-04-21 18:42:12,440 [Worker-10] INFO  o.e.m.i.launch.MavenLaunchDelegate -  mvn -B tomcat7:run
2017-04-21 18:48:11,773 [Worker-0] WARN  o.e.m.c.i.embedder.EclipseLogger - Using platform encoding (Cp1252 actually) to copy filtered resources, i.e. build is platform dependent!
2017-04-21 18:48:11,775 [Worker-0] INFO  o.e.m.c.i.embedder.EclipseLogger - Copying 0 resource
2017-04-21 18:48:11,777 [Worker-0] WARN  o.e.m.c.i.embedder.EclipseLogger - Using platform encoding (Cp1252 actually) to copy filtered resources, i.e. build is platform dependent!
2017-04-21 18:48:11,778 [Worker-0] INFO  o.e.m.c.i.embedder.EclipseLogger - skip non existing resourceDirectory C:\Users\Peter\Documents\SpringMVC\KingsAndCreatures\src\test\resources
2017-04-21 18:48:18,043 [Worker-15] WARN  o.e.m.c.i.embedder.EclipseLogger - Using platform encoding (Cp1252 actually) to copy filtered resources, i.e. build is platform dependent!
2017-04-21 18:48:18,045 [Worker-15] INFO  o.e.m.c.i.embedder.EclipseLogger - Copying 0 resource
2017-04-21 18:48:18,048 [Worker-15] WARN  o.e.m.c.i.embedder.EclipseLogger - Using platform encoding (Cp1252 actually) to copy filtered resources, i.e. build is platform dependent!
2017-04-21 18:48:18,050 [Worker-15] INFO  o.e.m.c.i.embedder.EclipseLogger - skip non existing resourceDirectory C:\Users\Peter\Documents\SpringMVC\KingsAndCreatures\src\test\resources
2017-04-21 18:52:09,968 [Worker-21] WARN  o.e.m.c.i.embedder.EclipseLogger - Using platform encoding (Cp1252 actually) to copy filtered resources, i.e. build is platform dependent!
2017-04-21 18:52:09,970 [Worker-21] INFO  o.e.m.c.i.embedder.EclipseLogger - Copying 0 resource
2017-04-21 18:52:09,972 [Worker-21] WARN  o.e.m.c.i.embedder.EclipseLogger - Using platform encoding (Cp1252 actually) to copy filtered resources, i.e. build is platform dependent!
2017-04-21 18:52:09,973 [Worker-21] INFO  o.e.m.c.i.embedder.EclipseLogger - skip non existing resourceDirectory C:\Users\Peter\Documents\SpringMVC\KingsAndCreatures\src\test\resources
2017-04-21 18:52:12,910 [Worker-21] WARN  o.e.m.c.i.embedder.EclipseLogger - Using platform encoding (Cp1252 actually) to copy filtered resources, i.e. build is platform dependent!
2017-04-21 18:52:12,911 [Worker-21] INFO  o.e.m.c.i.embedder.EclipseLogger - Copying 0 resource
2017-04-21 18:52:12,913 [Worker-21] WARN  o.e.m.c.i.embedder.EclipseLogger - Using platform encoding (Cp1252 actually) to copy filtered resources, i.e. build is platform dependent!
2017-04-21 18:52:12,915 [Worker-21] INFO  o.e.m.c.i.embedder.EclipseLogger - skip non existing resourceDirectory C:\Users\Peter\Documents\SpringMVC\KingsAndCreatures\src\test\resources
2017-04-21 18:52:43,850 [main] INFO  o.e.m2e.actions.ExecutePomAction - Using existing launch configuration
2017-04-21 18:52:43,972 [Worker-0] INFO  o.e.m.i.launch.MavenLaunchDelegate - C:\Users\Peter\Documents\SpringMVC\KingsAndCreatures
2017-04-21 18:52:43,973 [Worker-0] INFO  o.e.m.i.launch.MavenLaunchDelegate -  mvn -B tomcat7:run
2017-04-21 18:53:23,271 [Worker-0] WARN  o.e.m.c.i.embedder.EclipseLogger - Using platform encoding (Cp1252 actually) to copy filtered resources, i.e. build is platform dependent!
2017-04-21 18:53:23,273 [Worker-0] INFO  o.e.m.c.i.embedder.EclipseLogger - Copying 0 resource
2017-04-21 18:53:23,275 [Worker-0] WARN  o.e.m.c.i.embedder.EclipseLogger - Using platform encoding (Cp1252 actually) to copy filtered resources, i.e. build is platform dependent!
2017-04-21 18:53:23,276 [Worker-0] INFO  o.e.m.c.i.embedder.EclipseLogger - skip non existing resourceDirectory C:\Users\Peter\Documents\SpringMVC\KingsAndCreatures\src\test\resources
2017-04-21 18:53:31,329 [Worker-0] WARN  o.e.m.c.i.embedder.EclipseLogger - Using platform encoding (Cp1252 actually) to copy filtered resources, i.e. build is platform dependent!
2017-04-21 18:53:31,330 [Worker-0] INFO  o.e.m.c.i.embedder.EclipseLogger - Copying 0 resource
2017-04-21 18:53:31,336 [Worker-0] WARN  o.e.m.c.i.embedder.EclipseLogger - Using platform encoding (Cp1252 actually) to copy filtered resources, i.e. build is platform dependent!
2017-04-21 18:53:31,337 [Worker-0] INFO  o.e.m.c.i.embedder.EclipseLogger - skip non existing resourceDirectory C:\Users\Peter\Documents\SpringMVC\KingsAndCreatures\src\test\resources
2017-04-21 18:53:59,587 [Worker-21] WARN  o.e.m.c.i.embedder.EclipseLogger - Using platform encoding (Cp1252 actually) to copy filtered resources, i.e. build is platform dependent!
2017-04-21 18:53:59,589 [Worker-21] INFO  o.e.m.c.i.embedder.EclipseLogger - Copying 0 resource
2017-04-21 18:53:59,591 [Worker-21] WARN  o.e.m.c.i.embedder.EclipseLogger - Using platform encoding (Cp1252 actually) to copy filtered resources, i.e. build is platform dependent!
2017-04-21 18:53:59,592 [Worker-21] INFO  o.e.m.c.i.embedder.EclipseLogger - skip non existing resourceDirectory C:\Users\Peter\Documents\SpringMVC\KingsAndCreatures\src\test\resources
2017-04-21 18:54:10,686 [main] INFO  o.e.m2e.actions.ExecutePomAction - Using existing launch configuration
2017-04-21 18:54:10,791 [Worker-15] INFO  o.e.m.i.launch.MavenLaunchDelegate - C:\Users\Peter\Documents\SpringMVC\KingsAndCreatures
2017-04-21 18:54:10,792 [Worker-15] INFO  o.e.m.i.launch.MavenLaunchDelegate -  mvn -B tomcat7:run
2017-04-21 18:55:32,411 [Worker-21] WARN  o.e.m.c.i.embedder.EclipseLogger - Using platform encoding (Cp1252 actually) to copy filtered resources, i.e. build is platform dependent!
2017-04-21 18:55:32,413 [Worker-21] INFO  o.e.m.c.i.embedder.EclipseLogger - Copying 0 resource
2017-04-21 18:55:32,415 [Worker-21] WARN  o.e.m.c.i.embedder.EclipseLogger - Using platform encoding (Cp1252 actually) to copy filtered resources, i.e. build is platform dependent!
2017-04-21 18:55:32,416 [Worker-21] INFO  o.e.m.c.i.embedder.EclipseLogger - skip non existing resourceDirectory C:\Users\Peter\Documents\SpringMVC\KingsAndCreatures\src\test\resources
2017-04-21 18:55:41,541 [main] INFO  o.e.m2e.actions.ExecutePomAction - Using existing launch configuration
2017-04-21 18:55:41,637 [Worker-22] INFO  o.e.m.i.launch.MavenLaunchDelegate - C:\Users\Peter\Documents\SpringMVC\KingsAndCreatures
2017-04-21 18:55:41,638 [Worker-22] INFO  o.e.m.i.launch.MavenLaunchDelegate -  mvn -B tomcat7:run
2017-04-21 18:56:13,687 [Worker-21] WARN  o.e.m.c.i.embedder.EclipseLogger - Using platform encoding (Cp1252 actually) to copy filtered resources, i.e. build is platform dependent!
2017-04-21 18:56:13,688 [Worker-21] INFO  o.e.m.c.i.embedder.EclipseLogger - Copying 0 resource
2017-04-21 18:56:13,690 [Worker-21] WARN  o.e.m.c.i.embedder.EclipseLogger - Using platform encoding (Cp1252 actually) to copy filtered resources, i.e. build is platform dependent!
2017-04-21 18:56:13,692 [Worker-21] INFO  o.e.m.c.i.embedder.EclipseLogger - skip non existing resourceDirectory C:\Users\Peter\Documents\SpringMVC\KingsAndCreatures\src\test\resources
2017-04-21 18:56:27,334 [Worker-24] WARN  o.e.m.c.i.embedder.EclipseLogger - Using platform encoding (Cp1252 actually) to copy filtered resources, i.e. build is platform dependent!
2017-04-21 18:56:27,336 [Worker-24] INFO  o.e.m.c.i.embedder.EclipseLogger - Copying 0 resource
2017-04-21 18:56:27,338 [Worker-24] WARN  o.e.m.c.i.embedder.EclipseLogger - Using platform encoding (Cp1252 actually) to copy filtered resources, i.e. build is platform dependent!
2017-04-21 18:56:27,339 [Worker-24] INFO  o.e.m.c.i.embedder.EclipseLogger - skip non existing resourceDirectory C:\Users\Peter\Documents\SpringMVC\KingsAndCreatures\src\test\resources
2017-04-21 18:56:47,019 [Worker-15] WARN  o.e.m.c.i.embedder.EclipseLogger - Using platform encoding (Cp1252 actually) to copy filtered resources, i.e. build is platform dependent!
2017-04-21 18:56:47,020 [Worker-15] INFO  o.e.m.c.i.embedder.EclipseLogger - Copying 0 resource
2017-04-21 18:56:47,022 [Worker-15] WARN  o.e.m.c.i.embedder.EclipseLogger - Using platform encoding (Cp1252 actually) to copy filtered resources, i.e. build is platform dependent!
2017-04-21 18:56:47,024 [Worker-15] INFO  o.e.m.c.i.embedder.EclipseLogger - skip non existing resourceDirectory C:\Users\Peter\Documents\SpringMVC\KingsAndCreatures\src\test\resources
2017-04-21 18:57:53,089 [Worker-21] WARN  o.e.m.c.i.embedder.EclipseLogger - Using platform encoding (Cp1252 actually) to copy filtered resources, i.e. build is platform dependent!
2017-04-21 18:57:53,097 [Worker-21] INFO  o.e.m.c.i.embedder.EclipseLogger - Copying 0 resource
2017-04-21 18:57:53,099 [Worker-21] WARN  o.e.m.c.i.embedder.EclipseLogger - Using platform encoding (Cp1252 actually) to copy filtered resources, i.e. build is platform dependent!
2017-04-21 18:57:53,101 [Worker-21] INFO  o.e.m.c.i.embedder.EclipseLogger - skip non existing resourceDirectory C:\Users\Peter\Documents\SpringMVC\KingsAndCreatures\src\test\resources
2017-04-21 18:58:09,964 [main] INFO  o.e.m2e.actions.ExecutePomAction - Using existing launch configuration
2017-04-21 18:58:10,056 [Worker-0] INFO  o.e.m.i.launch.MavenLaunchDelegate - C:\Users\Peter\Documents\SpringMVC\KingsAndCreatures
2017-04-21 18:58:10,057 [Worker-0] INFO  o.e.m.i.launch.MavenLaunchDelegate -  mvn -B tomcat7:run
2017-04-21 18:59:59,432 [Worker-0] WARN  o.e.m.c.i.embedder.EclipseLogger - Using platform encoding (Cp1252 actually) to copy filtered resources, i.e. build is platform dependent!
2017-04-21 18:59:59,434 [Worker-0] INFO  o.e.m.c.i.embedder.EclipseLogger - Copying 0 resource
2017-04-21 18:59:59,436 [Worker-0] WARN  o.e.m.c.i.embedder.EclipseLogger - Using platform encoding (Cp1252 actually) to copy filtered resources, i.e. build is platform dependent!
2017-04-21 18:59:59,437 [Worker-0] INFO  o.e.m.c.i.embedder.EclipseLogger - skip non existing resourceDirectory C:\Users\Peter\Documents\SpringMVC\KingsAndCreatures\src\test\resources
2017-04-21 19:05:01,617 [Worker-28] WARN  o.e.m.c.i.embedder.EclipseLogger - Using platform encoding (Cp1252 actually) to copy filtered resources, i.e. build is platform dependent!
2017-04-21 19:05:01,619 [Worker-28] INFO  o.e.m.c.i.embedder.EclipseLogger - Copying 0 resource
2017-04-21 19:05:01,623 [Worker-28] WARN  o.e.m.c.i.embedder.EclipseLogger - Using platform encoding (Cp1252 actually) to copy filtered resources, i.e. build is platform dependent!
2017-04-21 19:05:01,625 [Worker-28] INFO  o.e.m.c.i.embedder.EclipseLogger - skip non existing resourceDirectory C:\Users\Peter\Documents\SpringMVC\KingsAndCreatures\src\test\resources
2017-04-21 19:05:30,224 [main] INFO  o.e.m2e.actions.ExecutePomAction - Using existing launch configuration
2017-04-21 19:05:30,325 [Worker-27] INFO  o.e.m.i.launch.MavenLaunchDelegate - C:\Users\Peter\Documents\SpringMVC\KingsAndCreatures
2017-04-21 19:05:30,325 [Worker-27] INFO  o.e.m.i.launch.MavenLaunchDelegate -  mvn -B tomcat7:run
2017-04-21 19:06:27,635 [Worker-27] WARN  o.e.m.c.i.embedder.EclipseLogger - Using platform encoding (Cp1252 actually) to copy filtered resources, i.e. build is platform dependent!
2017-04-21 19:06:27,637 [Worker-27] INFO  o.e.m.c.i.embedder.EclipseLogger - Copying 0 resource
2017-04-21 19:06:27,640 [Worker-27] WARN  o.e.m.c.i.embedder.EclipseLogger - Using platform encoding (Cp1252 actually) to copy filtered resources, i.e. build is platform dependent!
2017-04-21 19:06:27,641 [Worker-27] INFO  o.e.m.c.i.embedder.EclipseLogger - skip non existing resourceDirectory C:\Users\Peter\Documents\SpringMVC\KingsAndCreatures\src\test\resources
2017-04-21 19:06:35,999 [main] INFO  o.e.m2e.actions.ExecutePomAction - Using existing launch configuration
2017-04-21 19:06:36,072 [Worker-29] INFO  o.e.m.i.launch.MavenLaunchDelegate - C:\Users\Peter\Documents\SpringMVC\KingsAndCreatures
2017-04-21 19:06:36,072 [Worker-29] INFO  o.e.m.i.launch.MavenLaunchDelegate -  mvn -B tomcat7:run
2017-04-21 19:07:59,866 [main] INFO  o.e.m2e.actions.ExecutePomAction - Creating new launch configuration
2017-04-21 19:08:18,573 [Worker-31] INFO  o.e.m.i.launch.MavenLaunchDelegate - C:\Users\Peter\Documents\SpringMVC\KingsAndCreatures
2017-04-21 19:08:18,580 [Worker-31] INFO  o.e.m.i.launch.MavenLaunchDelegate -  mvn -B tomcat7:run
2017-04-21 19:16:11,614 [Worker-30] WARN  o.e.m.c.i.embedder.EclipseLogger - Using platform encoding (Cp1252 actually) to copy filtered resources, i.e. build is platform dependent!
2017-04-21 19:16:11,617 [Worker-30] INFO  o.e.m.c.i.embedder.EclipseLogger - Copying 0 resource
2017-04-21 19:16:11,620 [Worker-30] WARN  o.e.m.c.i.embedder.EclipseLogger - Using platform encoding (Cp1252 actually) to copy filtered resources, i.e. build is platform dependent!
2017-04-21 19:16:11,622 [Worker-30] INFO  o.e.m.c.i.embedder.EclipseLogger - skip non existing resourceDirectory C:\Users\Peter\Documents\SpringMVC\KingsAndCreatures\src\test\resources
2017-04-21 19:17:19,261 [Worker-35] WARN  o.e.m.c.i.embedder.EclipseLogger - Using platform encoding (Cp1252 actually) to copy filtered resources, i.e. build is platform dependent!
2017-04-21 19:17:19,264 [Worker-35] INFO  o.e.m.c.i.embedder.EclipseLogger - Copying 0 resource
2017-04-21 19:17:19,266 [Worker-35] WARN  o.e.m.c.i.embedder.EclipseLogger - Using platform encoding (Cp1252 actually) to copy filtered resources, i.e. build is platform dependent!
2017-04-21 19:17:19,267 [Worker-35] INFO  o.e.m.c.i.embedder.EclipseLogger - skip non existing resourceDirectory C:\Users\Peter\Documents\SpringMVC\KingsAndCreatures\src\test\resources
2017-04-21 19:17:29,146 [Worker-30] INFO  o.e.m.i.launch.MavenLaunchDelegate - C:\Users\Peter\Documents\SpringMVC\KingsAndCreatures
2017-04-21 19:17:29,146 [Worker-30] INFO  o.e.m.i.launch.MavenLaunchDelegate -  mvn -B tomcat7:run
2017-04-21 19:17:52,290 [Worker-34] WARN  o.e.m.c.i.embedder.EclipseLogger - Using platform encoding (Cp1252 actually) to copy filtered resources, i.e. build is platform dependent!
2017-04-21 19:17:52,292 [Worker-34] INFO  o.e.m.c.i.embedder.EclipseLogger - Copying 0 resource
2017-04-21 19:17:52,294 [Worker-34] WARN  o.e.m.c.i.embedder.EclipseLogger - Using platform encoding (Cp1252 actually) to copy filtered resources, i.e. build is platform dependent!
2017-04-21 19:17:52,295 [Worker-34] INFO  o.e.m.c.i.embedder.EclipseLogger - skip non existing resourceDirectory C:\Users\Peter\Documents\SpringMVC\KingsAndCreatures\src\test\resources
2017-04-21 19:18:01,462 [Worker-31] INFO  o.e.m.i.launch.MavenLaunchDelegate - C:\Users\Peter\Documents\SpringMVC\KingsAndCreatures
2017-04-21 19:18:01,462 [Worker-31] INFO  o.e.m.i.launch.MavenLaunchDelegate -  mvn -B tomcat7:run
2017-04-21 19:18:55,813 [Worker-31] WARN  o.e.m.c.i.embedder.EclipseLogger - Using platform encoding (Cp1252 actually) to copy filtered resources, i.e. build is platform dependent!
2017-04-21 19:18:55,814 [Worker-31] INFO  o.e.m.c.i.embedder.EclipseLogger - Copying 0 resource
2017-04-21 19:18:55,816 [Worker-31] WARN  o.e.m.c.i.embedder.EclipseLogger - Using platform encoding (Cp1252 actually) to copy filtered resources, i.e. build is platform dependent!
2017-04-21 19:18:55,817 [Worker-31] INFO  o.e.m.c.i.embedder.EclipseLogger - skip non existing resourceDirectory C:\Users\Peter\Documents\SpringMVC\KingsAndCreatures\src\test\resources
2017-04-21 19:30:01,559 [Worker-8] INFO  o.e.m.c.i.l.LifecycleMappingFactory - Using org.maven.ide.eclipse.wtp.WarLifecycleMapping lifecycle mapping for MavenProject: com.elizabethsugar.springExample:SpringMVCTutorial:0.0.1-SNAPSHOT @ C:\Users\Peter\Documents\SpringMVC\KingsAndCreatures\pom.xml.
2017-04-21 19:30:04,976 [Worker-8] WARN  o.e.m.c.i.embedder.EclipseLogger - Using platform encoding (Cp1252 actually) to copy filtered resources, i.e. build is platform dependent!
2017-04-21 19:30:04,999 [Worker-8] INFO  o.e.m.c.i.embedder.EclipseLogger - Copying 0 resource
2017-04-21 19:30:05,005 [Worker-8] WARN  o.e.m.c.i.embedder.EclipseLogger - Using platform encoding (Cp1252 actually) to copy filtered resources, i.e. build is platform dependent!
2017-04-21 19:30:05,012 [Worker-8] INFO  o.e.m.c.i.embedder.EclipseLogger - skip non existing resourceDirectory C:\Users\Peter\Documents\SpringMVC\KingsAndCreatures\src\test\resources
2017-04-21 19:30:05,033 [Worker-8] INFO  o.e.m.w.i.f.ResourceFilteringBuildParticipant - Changed resources require a complete clean of filtered resources of KingsAndCreatures
2017-04-21 19:30:05,122 [Worker-8] INFO  o.e.m.w.i.f.ResourceFilteringBuildParticipant - Executing resource filtering for KingsAndCreatures
2017-04-21 19:30:05,145 [Worker-8] WARN  o.e.m.c.i.embedder.EclipseLogger - Using platform encoding (Cp1252 actually) to copy filtered resources, i.e. build is platform dependent!
2017-04-21 19:30:13,523 [Worker-4] INFO  o.e.m.i.launch.MavenLaunchDelegate - C:\Users\Peter\Documents\SpringMVC\KingsAndCreatures
2017-04-21 19:30:13,525 [Worker-4] INFO  o.e.m.i.launch.MavenLaunchDelegate -  mvn -B tomcat7:run
2017-04-21 19:30:46,810 [Worker-14] INFO  o.e.m.i.launch.MavenLaunchDelegate - C:\Users\Peter\Documents\SpringMVC\KingsAndCreatures
2017-04-21 19:30:46,811 [Worker-14] INFO  o.e.m.i.launch.MavenLaunchDelegate -  mvn -B tomcat7:run
2017-04-21 19:32:20,956 [main] INFO  o.e.m2e.actions.ExecutePomAction - Creating new launch configuration
2017-04-21 19:32:35,421 [Worker-14] INFO  o.e.m.i.launch.MavenLaunchDelegate - C:\Users\Peter\Documents\SpringMVC\KingsAndCreatures
2017-04-21 19:32:35,422 [Worker-14] INFO  o.e.m.i.launch.MavenLaunchDelegate -  mvn -B tomcat7:run
2017-04-21 19:33:58,091 [Worker-8] WARN  o.e.m.c.i.embedder.EclipseLogger - Using platform encoding (Cp1252 actually) to copy filtered resources, i.e. build is platform dependent!
2017-04-21 19:33:58,111 [Worker-8] INFO  o.e.m.c.i.embedder.EclipseLogger - Copying 0 resource
2017-04-21 19:33:58,113 [Worker-8] WARN  o.e.m.c.i.embedder.EclipseLogger - Using platform encoding (Cp1252 actually) to copy filtered resources, i.e. build is platform dependent!
2017-04-21 19:33:58,115 [Worker-8] INFO  o.e.m.c.i.embedder.EclipseLogger - skip non existing resourceDirectory C:\Users\Peter\Documents\SpringMVC\KingsAndCreatures\src\test\resources
2017-04-21 19:34:05,937 [Worker-0] INFO  o.e.m.i.launch.MavenLaunchDelegate - C:\Users\Peter\Documents\SpringMVC\KingsAndCreatures
2017-04-21 19:34:05,937 [Worker-0] INFO  o.e.m.i.launch.MavenLaunchDelegate -  mvn -B tomcat7:run
2017-04-21 19:37:41,816 [Worker-6] INFO  o.e.m.c.i.l.LifecycleMappingFactory - Using org.maven.ide.eclipse.wtp.WarLifecycleMapping lifecycle mapping for MavenProject: com.elizabethsugar.springExample:SpringMVCTutorial:0.0.1-SNAPSHOT @ C:\Users\Peter\Documents\GitHub\Kings-and-Creatures\SpringMVC\KingsAndCreatures\pom.xml.
2017-04-21 19:37:44,341 [Worker-6] WARN  o.e.m.c.i.embedder.EclipseLogger - Using platform encoding (Cp1252 actually) to copy filtered resources, i.e. build is platform dependent!
2017-04-21 19:37:44,358 [Worker-6] INFO  o.e.m.c.i.embedder.EclipseLogger - Copying 0 resource
2017-04-21 19:37:44,364 [Worker-6] WARN  o.e.m.c.i.embedder.EclipseLogger - Using platform encoding (Cp1252 actually) to copy filtered resources, i.e. build is platform dependent!
2017-04-21 19:37:44,366 [Worker-6] INFO  o.e.m.c.i.embedder.EclipseLogger - skip non existing resourceDirectory C:\Users\Peter\Documents\GitHub\Kings-and-Creatures\SpringMVC\KingsAndCreatures\src\test\resources
2017-04-21 19:37:59,199 [Worker-0] INFO  o.e.m.i.launch.MavenLaunchDelegate - C:\Users\Peter\Documents\GitHub\Kings-and-Creatures\SpringMVC\KingsAndCreatures
2017-04-21 19:37:59,201 [Worker-0] INFO  o.e.m.i.launch.MavenLaunchDelegate -  mvn -B tomcat7:run
2017-04-21 20:04:39,336 [Worker-19] WARN  o.e.m.c.i.embedder.EclipseLogger - Using platform encoding (Cp1252 actually) to copy filtered resources, i.e. build is platform dependent!
2017-04-21 20:04:39,356 [Worker-19] INFO  o.e.m.c.i.embedder.EclipseLogger - Copying 0 resource
2017-04-21 20:04:39,360 [Worker-19] WARN  o.e.m.c.i.embedder.EclipseLogger - Using platform encoding (Cp1252 actually) to copy filtered resources, i.e. build is platform dependent!
2017-04-21 20:04:39,361 [Worker-19] INFO  o.e.m.c.i.embedder.EclipseLogger - skip non existing resourceDirectory C:\Users\Peter\Documents\GitHub\Kings-and-Creatures\SpringMVC\KingsAndCreatures\src\test\resources
2017-04-21 20:05:06,476 [Worker-10] WARN  o.e.m.c.i.embedder.EclipseLogger - Using platform encoding (Cp1252 actually) to copy filtered resources, i.e. build is platform dependent!
2017-04-21 20:05:06,478 [Worker-10] INFO  o.e.m.c.i.embedder.EclipseLogger - Copying 0 resource
2017-04-21 20:05:06,480 [Worker-10] WARN  o.e.m.c.i.embedder.EclipseLogger - Using platform encoding (Cp1252 actually) to copy filtered resources, i.e. build is platform dependent!
2017-04-21 20:05:06,481 [Worker-10] INFO  o.e.m.c.i.embedder.EclipseLogger - skip non existing resourceDirectory C:\Users\Peter\Documents\GitHub\Kings-and-Creatures\SpringMVC\KingsAndCreatures\src\test\resources
2017-04-21 20:05:19,767 [Worker-23] INFO  o.e.m.i.launch.MavenLaunchDelegate - C:\Users\Peter\Documents\GitHub\Kings-and-Creatures\SpringMVC\KingsAndCreatures
2017-04-21 20:05:19,771 [Worker-23] INFO  o.e.m.i.launch.MavenLaunchDelegate -  mvn -B tomcat7:run
2017-04-21 20:05:20,087 [Worker-24] WARN  o.e.m.c.i.embedder.EclipseLogger - Using platform encoding (Cp1252 actually) to copy filtered resources, i.e. build is platform dependent!
2017-04-21 20:05:20,089 [Worker-24] INFO  o.e.m.c.i.embedder.EclipseLogger - Copying 0 resource
2017-04-21 20:05:20,096 [Worker-24] WARN  o.e.m.c.i.embedder.EclipseLogger - Using platform encoding (Cp1252 actually) to copy filtered resources, i.e. build is platform dependent!
2017-04-21 20:05:20,097 [Worker-24] INFO  o.e.m.c.i.embedder.EclipseLogger - skip non existing resourceDirectory C:\Users\Peter\Documents\GitHub\Kings-and-Creatures\SpringMVC\KingsAndCreatures\src\test\resources
